INFO 2026-04-05 18:27:21,243 basehttp 6612 17604 "GET /api/v1/accounts/profile/ HTTP/1.1" 200 555
INFO 2026-04-05 18:27:21,325 basehttp 6612 13888 "GET /api/v1/services/services/my_services/ HTTP/1.1" 200 2
INFO 2026-04-05 18:27:21,327 basehttp 6612 17604 "GET /api/v1/analytics/provider/?days=7 HTTP/1.1" 200 473
INFO 2026-04-05 18:27:21,349 basehttp 6612 17604 "GET /api/v1/moderation/dashboard/ HTTP/1.1" 200 268
INFO 2026-04-05 18:28:22,018 basehttp 6612 17604 "GET /api/v1/accounts/profile/ HTTP/1.1" 200 555
INFO 2026-04-05 18:28:22,117 basehttp 6612 13888 "GET /api/v1/services/services/my_services/ HTTP/1.1" 200 2
INFO 2026-04-05 18:28:22,124 basehttp 6612 17604 "GET /api/v1/analytics/provider/?days=7 HTTP/1.1" 200 473
INFO 2026-04-05 18:28:22,146 basehttp 6612 17604 "GET /api/v1/moderation/dashboard/ HTTP/1.1" 200 268
INFO 2026-04-05 18:29:22,386 basehttp 6612 17604 "GET /api/v1/accounts/profile/ HTTP/1.1" 200 555
INFO 2026-04-05 18:29:22,449 basehttp 6612 13888 "GET /api/v1/services/services/my_services/ HTTP/1.1" 200 2
INFO 2026-04-05 18:29:22,452 basehttp 6612 17604 "GET /api/v1/analytics/provider/?days=7 HTTP/1.1" 200 473
INFO 2026-04-05 18:29:22,467 basehttp 6612 17604 "GET /api/v1/moderation/dashboard/ HTTP/1.1" 200 268
INFO 2026-04-05 18:30:23,075 basehttp 6612 17604 "GET /api/v1/accounts/profile/ HTTP/1.1" 200 555
INFO 2026-04-05 18:30:23,183 basehttp 6612 17604 "GET /api/v1/analytics/provider/?days=7 HTTP/1.1" 200 473
INFO 2026-04-05 18:30:23,186 basehttp 6612 13888 "GET /api/v1/services/services/my_services/ HTTP/1.1" 200 2
INFO 2026-04-05 18:30:23,227 basehttp 6612 17604 "GET /api/v1/moderation/dashboard/ HTTP/1.1" 200 268
INFO 2026-04-05 18:31:23,442 basehttp 6612 17604 "GET /api/v1/accounts/profile/ HTTP/1.1" 200 555
INFO 2026-04-05 18:31:23,548 basehttp 6612 17604 "GET /api/v1/analytics/provider/?days=7 HTTP/1.1" 200 473
INFO 2026-04-05 18:31:23,553 basehttp 6612 13888 "GET /api/v1/services/services/my_services/ HTTP/1.1" 200 2
INFO 2026-04-05 18:31:23,588 basehttp 6612 17604 "GET /api/v1/moderation/dashboard/ HTTP/1.1" 200 268
INFO 2026-04-05 18:32:23,446 basehttp 6612 17604 "GET /api/v1/accounts/profile/ HTTP/1.1" 200 555
INFO 2026-04-05 18:32:23,519 basehttp 6612 13888 "GET /api/v1/services/services/my_services/ HTTP/1.1" 200 2
INFO 2026-04-05 18:32:23,523 basehttp 6612 17604 "GET /api/v1/analytics/provider/?days=7 HTTP/1.1" 200 473
INFO 2026-04-05 18:32:23,551 basehttp 6612 17604 "GET /api/v1/moderation/dashboard/ HTTP/1.1" 200 268
INFO 2026-04-05 18:33:23,460 basehttp 6612 17604 "GET /api/v1/accounts/profile/ HTTP/1.1" 200 555
INFO 2026-04-05 18:33:23,535 basehttp 6612 17604 "GET /api/v1/analytics/provider/?days=7 HTTP/1.1" 200 473
INFO 2026-04-05 18:33:23,535 basehttp 6612 13888 "GET /api/v1/services/services/my_services/ HTTP/1.1" 200 2
INFO 2026-04-05 18:33:23,567 basehttp 6612 17604 "GET /api/v1/moderation/dashboard/ HTTP/1.1" 200 268
INFO 2026-04-05 18:34:23,455 basehttp 6612 17604 "GET /api/v1/accounts/profile/ HTTP/1.1" 200 555
INFO 2026-04-05 18:34:23,533 basehttp 6612 13888 "GET /api/v1/services/services/my_services/ HTTP/1.1" 200 2
INFO 2026-04-05 18:34:23,536 basehttp 6612 17604 "GET /api/v1/analytics/provider/?days=7 HTTP/1.1" 200 473
INFO 2026-04-05 18:34:23,562 basehttp 6612 17604 "GET /api/v1/moderation/dashboard/ HTTP/1.1" 200 268
INFO 2026-04-05 18:35:23,467 basehttp 6612 17604 "GET /api/v1/accounts/profile/ HTTP/1.1" 200 555
INFO 2026-04-05 18:35:23,562 basehttp 6612 13888 "GET /api/v1/services/services/my_services/ HTTP/1.1" 200 2
INFO 2026-04-05 18:35:23,564 basehttp 6612 17604 "GET /api/v1/analytics/provider/?days=7 HTTP/1.1" 200 473
INFO 2026-04-05 18:35:23,589 basehttp 6612 17604 "GET /api/v1/moderation/dashboard/ HTTP/1.1" 200 268
INFO 2026-04-05 18:36:23,474 basehttp 6612 17604 "GET /api/v1/accounts/profile/ HTTP/1.1" 200 555
INFO 2026-04-05 18:36:23,596 basehttp 6612 13888 "GET /api/v1/services/services/my_services/ HTTP/1.1" 200 2
INFO 2026-04-05 18:36:23,599 basehttp 6612 17604 "GET /api/v1/analytics/provider/?days=7 HTTP/1.1" 200 473
INFO 2026-04-05 18:36:23,628 basehttp 6612 17604 "GET /api/v1/moderation/dashboard/ HTTP/1.1" 200 268
INFO 2026-04-05 18:37:23,467 basehttp 6612 17604 "GET /api/v1/accounts/profile/ HTTP/1.1" 200 555
INFO 2026-04-05 18:37:23,530 basehttp 6612 13888 "GET /api/v1/services/services/my_services/ HTTP/1.1" 200 2
INFO 2026-04-05 18:37:23,531 basehttp 6612 17604 "GET /api/v1/analytics/provider/?days=7 HTTP/1.1" 200 473
INFO 2026-04-05 18:37:23,557 basehttp 6612 17604 "GET /api/v1/moderation/dashboard/ HTTP/1.1" 200 268
INFO 2026-04-05 18:38:23,482 basehttp 6612 17604 "GET /api/v1/accounts/profile/ HTTP/1.1" 200 555
INFO 2026-04-05 18:38:23,546 basehttp 6612 13888 "GET /api/v1/services/services/my_services/ HTTP/1.1" 200 2
INFO 2026-04-05 18:38:23,553 basehttp 6612 17604 "GET /api/v1/analytics/provider/?days=7 HTTP/1.1" 200 473
INFO 2026-04-05 18:38:23,578 basehttp 6612 17604 "GET /api/v1/moderation/dashboard/ HTTP/1.1" 200 268
INFO 2026-04-06 00:54:42,268 autoreload 1476 14008 Watching for file changes with StatReloader
